#
# There is insufficient memory for the Java Runtime Environment to continue.
# Native memory allocation (malloc) failed to allocate 1902496 bytes for Chunk::new
# Possible reasons:
#   The system is out of physical RAM or swap space
#   In 32 bit mode, the process size limit was hit
# Possible solutions:
#   Reduce memory load on the system
#   Increase physical memory or swap space
#   Check if swap backing store is full
#   Use 64 bit Java on a 64 bit OS
#   Decrease Java heap size (-Xmx/-Xms)
#   Decrease number of Java threads
#   Decrease Java thread stack sizes (-Xss)
#   Set larger code cache with -XX:ReservedCodeCacheSize=
# This output file may be truncated or incomplete.
#
#  Out of Memory Error (allocation.cpp:390), pid=8460, tid=5852
#
# JRE version: Java(TM) SE Runtime Environment (8.0_60-b27) (build 1.8.0_60-b27)
# Java VM: Java HotSpot(TM) 64-Bit Server VM (25.60-b23 mixed mode windows-amd64 compressed oops)
# Failed to write core dump. Minidumps are not enabled by default on client versions of Windows
#

---------------  T H R E A D  ---------------

Current thread (0x00000000149b2800):  JavaThread "C2 CompilerThread1" daemon [_thread_in_native, id=5852, stack(0x0000000016110000,0x0000000016210000)]

Stack: [0x0000000016110000,0x0000000016210000]
[error occurred during error reporting (printing stack bounds), id 0xc0000005]

Native frames: (J=compiled Java code, j=interpreted, Vv=VM code, C=native code)


Current CompileTask:
C2:   2392 1860   !   4       com.android.dx.cf.code.BytecodeArray::parseInstruction (2764 bytes)


---------------  P R O C E S S  ---------------

Java Threads: ( => current thread )
  0x000000001656e000 JavaThread "pool-1-thread-4" [_thread_in_Java, id=6072, stack(0x0000000016d10000,0x0000000016e10000)]
  0x0000000016559000 JavaThread "pool-1-thread-3" [_thread_in_Java, id=4668, stack(0x0000000016c10000,0x0000000016d10000)]
  0x00000000164aa000 JavaThread "pool-1-thread-2" [_thread_in_Java, id=6528, stack(0x0000000016b10000,0x0000000016c10000)]
  0x0000000016498800 JavaThread "pool-2-thread-1" [_thread_blocked, id=2276, stack(0x0000000016a10000,0x0000000016b10000)]
  0x0000000016493000 JavaThread "pool-1-thread-1" [_thread_in_Java, id=9024, stack(0x0000000016910000,0x0000000016a10000)]
  0x0000000016348800 JavaThread "Service Thread" daemon [_thread_blocked, id=9032, stack(0x0000000016710000,0x0000000016810000)]
  0x00000000149b5000 JavaThread "C1 CompilerThread2" daemon [_thread_blocked, id=7340, stack(0x0000000016210000,0x0000000016310000)]
=>0x00000000149b2800 JavaThread "C2 CompilerThread1" daemon [_thread_in_native, id=5852, stack(0x0000000016110000,0x0000000016210000)]
  0x00000000149ac800 JavaThread "C2 CompilerThread0" daemon [_thread_in_native, id=1328, stack(0x0000000016010000,0x0000000016110000)]
  0x00000000149ab000 JavaThread "Attach Listener" daemon [_thread_blocked, id=2392, stack(0x0000000015f10000,0x0000000016010000)]
  0x00000000149a9800 JavaThread "Signal Dispatcher" daemon [_thread_blocked, id=1168, stack(0x0000000015e10000,0x0000000015f10000)]
  0x00000000022b6800 JavaThread "Finalizer" daemon [_thread_blocked, id=1696, stack(0x0000000015c00000,0x0000000015d00000)]
  0x00000000022ad800 JavaThread "Reference Handler" daemon [_thread_blocked, id=3964, stack(0x0000000015b00000,0x0000000015c00000)]
  0x00000000001de000 JavaThread "main" [_thread_blocked, id=1072, stack(0x00000000020b0000,0x00000000021b0000)]

Other Threads:
  0x0000000014978000 VMThread [stack: 0x0000000015a00000,0x0000000015b00000] [id=5436]
  0x00000000149c9800 WatcherThread [stack: 0x0000000016810000,0x0000000016910000] [id=3204]

VM state:not at safepoint (normal execution)

VM Mutex/Monitor currently owned by a thread: None

Heap:
 PSYoungGen      total 53248K, used 25210K [0x00000000eab00000, 0x00000000ee300000, 0x0000000100000000)
  eden space 49152K, 43% used [0x00000000eab00000,0x00000000ebfa3e30,0x00000000edb00000)
  from space 4096K, 99% used [0x00000000edf00000,0x00000000ee2fa9e8,0x00000000ee300000)
  to   space 4096K, 0% used [0x00000000edb00000,0x00000000edb00000,0x00000000edf00000)
 ParOldGen       total 65536K, used 20706K [0x00000000c0000000, 0x00000000c4000000, 0x00000000eab00000)
  object space 65536K, 31% used [0x00000000c0000000,0x00000000c1438938,0x00000000c4000000)
 Metaspace       used 6300K, capacity 7216K, committed 7296K, reserved 1056768K
  class space    used 596K, capacity 616K, committed 640K, reserved 1048576K

Card table byte_map: [0x0000000011680000,0x0000000011890000] byte_map_base: 0x0000000011080000

Marking Bits: (ParMarkBitMap*) 0x0000000067aaa5b0
 Begin Bits: [0x0000000011df0000, 0x0000000012df0000)
 End Bits:   [0x0000000012df0000, 0x0000000013df0000)

Polling page: 0x0000000002050000

CodeCache: size=245760Kb used=7474Kb max_used=7474Kb free=238285Kb
 bounds [0x00000000022c0000, 0x0000000002a20000, 0x00000000112c0000]
 total_blobs=2142 nmethods=1872 adapters=182
 compilation: enabled

Compilation events (10 events):
Event: 2.374 Thread 0x00000000149b5000 1895       2       com.android.dx.command.dexer.Main$ClassDefItemConsumer::<init> (10 bytes)
Event: 2.374 Thread 0x00000000149b5000 nmethod 1895 0x0000000002a07590 code [0x0000000002a076e0, 0x0000000002a07870]
Event: 2.374 Thread 0x00000000149b5000 1896       2       java.util.concurrent.Executors$DelegatedExecutorService::submit (11 bytes)
Event: 2.374 Thread 0x00000000149b5000 nmethod 1896 0x0000000002a07910 code [0x0000000002a07a80, 0x0000000002a07c08]
Event: 2.374 Thread 0x00000000149b5000 1897       2       com.android.dx.command.dexer.Main::access$2600 (4 bytes)
Event: 2.374 Thread 0x00000000149b5000 nmethod 1897 0x0000000002a07c90 code [0x0000000002a07de0, 0x0000000002a07f10]
Event: 2.375 Thread 0x00000000149b5000 1898       2       com.android.dx.cf.direct.DirectClassFile::parse0 (901 bytes)
Event: 2.385 Thread 0x00000000149b5000 nmethod 1898 0x0000000002a07f90 code [0x0000000002a08860, 0x0000000002a0c2c8]
Event: 2.387 Thread 0x00000000149b5000 1899       2       com.android.dx.rop.code.RegisterSpecSet::mutableCopy (57 bytes)
Event: 2.387 Thread 0x00000000149b5000 nmethod 1899 0x0000000002a11a90 code [0x0000000002a11c00, 0x0000000002a11f48]

GC Heap History (8 events):
Event: 0.914 GC heap before
{Heap before GC invocations=1 (full 0):
 PSYoungGen      total 28672K, used 24576K [0x00000000eab00000, 0x00000000ecb00000, 0x0000000100000000)
  eden space 24576K, 100% used [0x00000000eab00000,0x00000000ec300000,0x00000000ec300000)
  from space 4096K, 0% used [0x00000000ec700000,0x00000000ec700000,0x00000000ecb00000)
  to   space 4096K, 0% used [0x00000000ec300000,0x00000000ec300000,0x00000000ec700000)
 ParOldGen       total 65536K, used 0K [0x00000000c0000000, 0x00000000c4000000, 0x00000000eab00000)
  object space 65536K, 0% used [0x00000000c0000000,0x00000000c0000000,0x00000000c4000000)
 Metaspace       used 5654K, capacity 6896K, committed 7040K, reserved 1056768K
  class space    used 575K, capacity 616K, committed 640K, reserved 1048576K
Event: 0.926 GC heap after
Heap after GC invocations=1 (full 0):
 PSYoungGen      total 28672K, used 4073K [0x00000000eab00000, 0x00000000ee300000, 0x0000000100000000)
  eden space 24576K, 0% used [0x00000000eab00000,0x00000000eab00000,0x00000000ec300000)
  from space 4096K, 99% used [0x00000000ec300000,0x00000000ec6fa450,0x00000000ec700000)
  to   space 4096K, 0% used [0x00000000edf00000,0x00000000edf00000,0x00000000ee300000)
 ParOldGen       total 65536K, used 1365K [0x00000000c0000000, 0x00000000c4000000, 0x00000000eab00000)
  object space 65536K, 2% used [0x00000000c0000000,0x00000000c0155588,0x00000000c4000000)
 Metaspace       used 5654K, capacity 6896K, committed 7040K, reserved 1056768K
  class space    used 575K, capacity 616K, committed 640K, reserved 1048576K
}
Event: 1.396 GC heap before
{Heap before GC invocations=2 (full 0):
 PSYoungGen      total 28672K, used 28649K [0x00000000eab00000, 0x00000000ee300000, 0x0000000100000000)
  eden space 24576K, 100% used [0x00000000eab00000,0x00000000ec300000,0x00000000ec300000)
  from space 4096K, 99% used [0x00000000ec300000,0x00000000ec6fa450,0x00000000ec700000)
  to   space 4096K, 0% used [0x00000000edf00000,0x00000000edf00000,0x00000000ee300000)
 ParOldGen       total 65536K, used 1365K [0x00000000c0000000, 0x00000000c4000000, 0x00000000eab00000)
  object space 65536K, 2% used [0x00000000c0000000,0x00000000c0155588,0x00000000c4000000)
 Metaspace       used 6078K, capacity 7088K, committed 7296K, reserved 1056768K
  class space    used 592K, capacity 616K, committed 640K, reserved 1048576K
Event: 1.414 GC heap after
Heap after GC invocations=2 (full 0):
 PSYoungGen      total 53248K, used 4067K [0x00000000eab00000, 0x00000000ee300000, 0x0000000100000000)
  eden space 49152K, 0% used [0x00000000eab00000,0x00000000eab00000,0x00000000edb00000)
  from space 4096K, 99% used [0x00000000edf00000,0x00000000ee2f8f00,0x00000000ee300000)
  to   space 4096K, 0% used [0x00000000edb00000,0x00000000edb00000,0x00000000edf00000)
 ParOldGen       total 65536K, used 5722K [0x00000000c0000000, 0x00000000c4000000, 0x00000000eab00000)
  object space 65536K, 8% used [0x00000000c0000000,0x00000000c0596b40,0x00000000c4000000)
 Metaspace       used 6078K, capacity 7088K, committed 7296K, reserved 1056768K
  class space    used 592K, capacity 616K, committed 640K, reserved 1048576K
}
Event: 1.892 GC heap before
{Heap before GC invocations=3 (full 0):
 PSYoungGen      total 53248K, used 53219K [0x00000000eab00000, 0x00000000ee300000, 0x0000000100000000)
  eden space 49152K, 100% used [0x00000000eab00000,0x00000000edb00000,0x00000000edb00000)
  from space 4096K, 99% used [0x00000000edf00000,0x00000000ee2f8f00,0x00000000ee300000)
  to   space 4096K, 0% used [0x00000000edb00000,0x00000000edb00000,0x00000000edf00000)
 ParOldGen       total 65536K, used 5722K [0x00000000c0000000, 0x00000000c4000000, 0x00000000eab00000)
  object space 65536K, 8% used [0x00000000c0000000,0x00000000c0596b40,0x00000000c4000000)
 Metaspace       used 6187K, capacity 7152K, committed 7296K, reserved 1056768K
  class space    used 592K, capacity 616K, committed 640K, reserved 1048576K
Event: 1.920 GC heap after
Heap after GC invocations=3 (full 0):
 PSYoungGen      total 53248K, used 4066K [0x00000000eab00000, 0x00000000ee300000, 0x0000000100000000)
  eden space 49152K, 0% used [0x00000000eab00000,0x00000000eab00000,0x00000000edb00000)
  from space 4096K, 99% used [0x00000000edb00000,0x00000000edef8af0,0x00000000edf00000)
  to   space 4096K, 0% used [0x00000000edf00000,0x00000000edf00000,0x00000000ee300000)
 ParOldGen       total 65536K, used 12869K [0x00000000c0000000, 0x00000000c4000000, 0x00000000eab00000)
  object space 65536K, 19% used [0x00000000c0000000,0x00000000c0c91668,0x00000000c4000000)
 Metaspace       used 6187K, capacity 7152K, committed 7296K, reserved 1056768K
  class space    used 592K, capacity 616K, committed 640K, reserved 1048576K
}
Event: 2.242 GC heap before
{Heap before GC invocations=4 (full 0):
 PSYoungGen      total 53248K, used 53218K [0x00000000eab00000, 0x00000000ee300000, 0x0000000100000000)
  eden space 49152K, 100% used [0x00000000eab00000,0x00000000edb00000,0x00000000edb00000)
  from space 4096K, 99% used [0x00000000edb00000,0x00000000edef8af0,0x00000000edf00000)
  to   space 4096K, 0% used [0x00000000edf00000,0x00000000edf00000,0x00000000ee300000)
 ParOldGen       total 65536K, used 12869K [0x00000000c0000000, 0x00000000c4000000, 0x00000000eab00000)
  object space 65536K, 19% used [0x00000000c0000000,0x00000000c0c91668,0x00000000c4000000)
 Metaspace       used 6276K, capacity 7216K, committed 7296K, reserved 1056768K
  class space    used 596K, capacity 616K, committed 640K, reserved 1048576K
Event: 2.272 GC heap after
Heap after GC invocations=4 (full 0):
 PSYoungGen      total 53248K, used 4074K [0x00000000eab00000, 0x00000000ee300000, 0x0000000100000000)
  eden space 49152K, 0% used [0x00000000eab00000,0x00000000eab00000,0x00000000edb00000)
  from space 4096K, 99% used [0x00000000edf00000,0x00000000ee2fa9e8,0x00000000ee300000)
  to   space 4096K, 0% used [0x00000000edb00000,0x00000000edb00000,0x00000000edf00000)
 ParOldGen       total 65536K, used 20706K [0x00000000c0000000, 0x00000000c4000000, 0x00000000eab00000)
  object space 65536K, 31% used [0x00000000c0000000,0x00000000c1438938,0x00000000c4000000)
 Metaspace       used 6276K, capacity 7216K, committed 7296K, reserved 1056768K
  class space    used 596K, capacity 616K, committed 640K, reserved 1048576K
}

Deoptimization events (10 events):
Event: 1.656 Thread 0x00000000001de000 Uncommon trap: reason=unstable_if action=reinterpret pc=0x00000000028af5e4 method=com.android.dx.ssa.SCCP.simulateStmt(Lcom/android/dx/ssa/SsaInsn;)V @ 53
Event: 1.859 Thread 0x00000000164aa000 Uncommon trap: reason=unstable_if action=reinterpret pc=0x000000000293556c method=com.android.dx.rop.code.RegisterSpec.equals(ILcom/android/dx/rop/type/TypeBearer;Lcom/android/dx/rop/code/LocalItem;)Z @ 42
Event: 1.859 Thread 0x00000000164aa000 Uncommon trap: reason=unstable_if action=reinterpret pc=0x000000000262c554 method=com.android.dx.rop.code.RegisterSpec.equals(ILcom/android/dx/rop/type/TypeBearer;Lcom/android/dx/rop/code/LocalItem;)Z @ 42
Event: 2.044 Thread 0x00000000164aa000 Uncommon trap: reason=bimorphic action=maybe_recompile pc=0x00000000027ca3a0 method=com.android.dx.cf.code.BytecodeArray.parseInstruction(ILcom/android/dx/cf/code/BytecodeArray$Visitor;)I @ 1161
Event: 2.044 Thread 0x00000000164aa000 Uncommon trap: reason=bimorphic action=maybe_recompile pc=0x00000000027ca3a0 method=com.android.dx.cf.code.BytecodeArray.parseInstruction(ILcom/android/dx/cf/code/BytecodeArray$Visitor;)I @ 1161
Event: 2.126 Thread 0x000000001656e000 Uncommon trap: reason=class_check action=maybe_recompile pc=0x00000000027c8c44 method=com.android.dx.cf.code.BytecodeArray.parseInstruction(ILcom/android/dx/cf/code/BytecodeArray$Visitor;)I @ 1258
Event: 2.127 Thread 0x000000001656e000 Uncommon trap: reason=class_check action=maybe_recompile pc=0x00000000027c8c44 method=com.android.dx.cf.code.BytecodeArray.parseInstruction(ILcom/android/dx/cf/code/BytecodeArray$Visitor;)I @ 1258
Event: 2.144 Thread 0x0000000016559000 Uncommon trap: reason=class_check action=maybe_recompile pc=0x00000000027c8c44 method=com.android.dx.cf.code.BytecodeArray.parseInstruction(ILcom/android/dx/cf/code/BytecodeArray$Visitor;)I @ 1258
Event: 2.144 Thread 0x0000000016559000 Uncommon trap: reason=class_check action=maybe_recompile pc=0x00000000027c8c44 method=com.android.dx.cf.code.BytecodeArray.parseInstruction(ILcom/android/dx/cf/code/BytecodeArray$Visitor;)I @ 1258
Event: 2.387 Thread 0x0000000016493000 Uncommon trap: reason=unstable_if action=reinterpret pc=0x00000000026c2c04 method=com.android.dx.rop.code.RegisterSpecSet.<init>(I)V @ 2

Internal exceptions (2 events):
Event: 0.038 Thread 0x00000000001de000 Exception <a 'java/lang/NoSuchMethodError': Method sun.misc.Unsafe.defineClass(Ljava/lang/String;[BII)Ljava/lang/Class; name or signature does not match> (0x00000000eab13070) thrown at [C:\re\workspace\8-2-build-windows-amd64-cygwin\jdk8u60\4407\hotspot\srN´„ª£?
Event: 0.038 Thread 0x00000000001de000 Exception <a 'java/lang/NoSuchMethodError': Method sun.misc.Unsafe.prefetchRead(Ljava/lang/Object;J)V name or signature does not match> (0x00000000eab13358) thrown at [C:\re\workspace\8-2-build-windows-amd64-cygwin\jdk8u60\4407\hotspot\src\share\vm\prims\j

Events (10 events):
Event: 2.144 Thread 0x0000000016559000 DEOPT PACKING pc=0x00000000027c8c44 sp=0x0000000016d0eb20
Event: 2.144 Thread 0x0000000016559000 DEOPT UNPACKING pc=0x000000000230582a sp=0x0000000016d0eaa8 mode 2
Event: 2.144 Thread 0x0000000016559000 Uncommon trap: trap_request=0xffffffde fr.pc=0x00000000027c8c44
Event: 2.144 Thread 0x0000000016559000 DEOPT PACKING pc=0x00000000027c8c44 sp=0x0000000016d0eb20
Event: 2.144 Thread 0x0000000016559000 DEOPT UNPACKING pc=0x000000000230582a sp=0x0000000016d0eaa8 mode 2
Event: 2.242 Executing VM operation: ParallelGCFailedAllocation
Event: 2.272 Executing VM operation: ParallelGCFailedAllocation done
Event: 2.387 Thread 0x0000000016493000 Uncommon trap: trap_request=0xffffff65 fr.pc=0x00000000026c2c04
Event: 2.387 Thread 0x0000000016493000 DEOPT PACKING pc=0x00000000026c2c04 sp=0x0000000016a0eb30
Event: 2.387 Thread 0x0000000016493000 DEOPT UNPACKING pc=0x000000000230582a sp=0x0000000016a0ea60 mode 2


Dynamic libraries:
0x00007ff745eb0000 - 0x00007ff745ee7000 	C:\Program Files\Java\jdk1.8.0_60\bin\java.exe
0x00007ffa5d2c0000 - 0x00007ffa5d481000 	C:\WINDOWS\SYSTEM32\ntdll.dll
0x00007ffa5b760000 - 0x00007ffa5b80d000 	C:\WINDOWS\system32\KERNEL32.DLL
0x00007ffa5a4d0000 - 0x00007ffa5a6b8000 	C:\WINDOWS\system32\KERNELBASE.dll
0x00007ffa5a850000 - 0x00007ffa5a8f7000 	C:\WINDOWS\system32\ADVAPI32.dll
0x00007ffa5a980000 - 0x00007ffa5aa1d000 	C:\WINDOWS\system32\msvcrt.dll
0x00007ffa5b560000 - 0x00007ffa5b5bb000 	C:\WINDOWS\system32\sechost.dll
0x00007ffa5ace0000 - 0x00007ffa5adfc000 	C:\WINDOWS\system32\RPCRT4.dll
0x00007ffa5b400000 - 0x00007ffa5b556000 	C:\WINDOWS\system32\USER32.dll
0x00007ffa5a6c0000 - 0x00007ffa5a846000 	C:\WINDOWS\system32\GDI32.dll
0x00007ffa4af00000 - 0x00007ffa4b174000 	C:\WINDOWS\WinSxS\amd64_microsoft.windows.common-controls_6595b64144ccf1df_6.0.10586.0_none_8c15ae12515e1c22\COMCTL32.dll
0x00007ffa5b850000 - 0x00007ffa5bacd000 	C:\WINDOWS\system32\combase.dll
0x00007ffa59e10000 - 0x00007ffa59e7a000 	C:\WINDOWS\system32\bcryptPrimitives.dll
0x00007ffa5b810000 - 0x00007ffa5b84b000 	C:\WINDOWS\system32\IMM32.DLL
0x0000000066d90000 - 0x0000000066e62000 	C:\Program Files\Java\jdk1.8.0_60\jre\bin\msvcr100.dll
0x00000000672a0000 - 0x0000000067b29000 	C:\Program Files\Java\jdk1.8.0_60\jre\bin\server\jvm.dll
0x00007ffa5d1e0000 - 0x00007ffa5d1e8000 	C:\WINDOWS\system32\PSAPI.DLL
0x00007ffa57c50000 - 0x00007ffa57c73000 	C:\WINDOWS\SYSTEM32\WINMM.dll
0x00007ffa48870000 - 0x00007ffa48879000 	C:\WINDOWS\SYSTEM32\WSOCK32.dll
0x00007ffa54fd0000 - 0x00007ffa54fda000 	C:\WINDOWS\SYSTEM32\VERSION.dll
0x00007ffa5b6f0000 - 0x00007ffa5b75b000 	C:\WINDOWS\system32\WS2_32.dll
0x0000000002080000 - 0x00000000020ac000 	C:\WINDOWS\SYSTEM32\WINMMBASE.dll
0x00007ffa59a20000 - 0x00007ffa59a63000 	C:\WINDOWS\system32\cfgmgr32.dll
0x0000000068a00000 - 0x0000000068a0f000 	C:\Program Files\Java\jdk1.8.0_60\jre\bin\verify.dll
0x00000000689d0000 - 0x00000000689f9000 	C:\Program Files\Java\jdk1.8.0_60\jre\bin\java.dll
0x00000000671a0000 - 0x00000000671b6000 	C:\Program Files\Java\jdk1.8.0_60\jre\bin\zip.dll
0x00007ffa5bc80000 - 0x00007ffa5d1df000 	C:\WINDOWS\system32\SHELL32.dll
0x00007ffa59e80000 - 0x00007ffa5a4c4000 	C:\WINDOWS\system32\windows.storage.dll
0x00007ffa5bad0000 - 0x00007ffa5bb22000 	C:\WINDOWS\system32\shlwapi.dll
0x00007ffa59930000 - 0x00007ffa5993f000 	C:\WINDOWS\system32\kernel.appcore.dll
0x00007ffa59c60000 - 0x00007ffa59d15000 	C:\WINDOWS\system32\shcore.dll
0x00007ffa598e0000 - 0x00007ffa5992b000 	C:\WINDOWS\system32\powrprof.dll
0x00007ffa59950000 - 0x00007ffa59964000 	C:\WINDOWS\system32\profapi.dll

VM Arguments:
jvm_args: -Xmx1024M -Dfile.encoding=windows-1250 -Duser.country=US -Duser.language=en -Duser.variant 
java_command: com.android.dx.command.Main --dex --num-threads=4 --output C:\Users\Andrej\Desktop\PedTrack2\app\build\intermediates\dex\debug C:\Users\Andrej\Desktop\PedTrack2\app\build\intermediates\classes\debug C:\Users\Andrej\AppData\Local\Android\sdk1\extras\android\m2repository\com\android\support\support-annotations\23.0.1\support-annotations-23.0.1.jar C:\Users\Andrej\Desktop\PedTrack2\app\libs\gson-2.5.jar C:\Users\Andrej\Desktop\PedTrack2\app\build\intermediates\exploded-aar\com.android.support\support-v4\23.0.1\jars\libs\internal_impl-23.0.1.jar C:\Users\Andrej\Desktop\PedTrack2\app\libs\httpcore-4.4.1.jar C:\Users\Andrej\Desktop\PedTrack2\app\build\intermediates\exploded-aar\com.android.support\appcompat-v7\23.0.1\jars\classes.jar C:\Users\Andrej\Desktop\PedTrack2\app\libs\httpclient-4.4.1.jar C:\Users\Andrej\Desktop\PedTrack2\app\build\intermediates\exploded-aar\com.android.support\support-v4\23.0.1\jars\classes.jar
java_class_path (initial): C:\Users\Andrej\AppData\Local\Android\sdk1\build-tools\23.0.1\lib\dx.jar
Launcher Type: SUN_STANDARD

Environment Variables:
JAVA_HOME=C:\Program Files\Java\jdk1.8.0_60
PATH=C:\Programme\Rockwell Software\RSCommon;C:\ProgramData\Oracle\Java\javapath;C:\Program Files (x86)\Embarcadero\Studio\17.0\bin;C:\Users\Public\Documents\Embarcadero\Studio\17.0\Bpl;C:\Program Files (x86)\Embarcadero\Studio\17.0\bin64;C:\Users\Public\Documents\Embarcadero\Studio\17.0\Bpl\Win64;C:\WINDOWS\system32;C:\WINDOWS;C:\WINDOWS\System32\Wbem;C:\WINDOWS\System32\WindowsPowerShell\v1.0\;C:\Program Files (x86)\ATI Technologies\ATI.ACE\Core-Static;C:\Program Files (x86)\Windows Kits\10\Windows Performance Toolkit\;C:\Programme\TortoiseHg\;C:\Programme\Skype\Phone\
USERNAME=Andrej
OS=Windows_NT
PROCESSOR_IDENTIFIER=Intel64 Family 6 Model 42 Stepping 7, GenuineIntel



---------------  S Y S T E M  ---------------

OS: Windows 10.0 , 64 bit Build 10586 (10.0.10586.0)

CPU:total 4 (2 cores per cpu, 2 threads per core) family 6 model 42 stepping 7, cmov, cx8, fxsr, mmx, sse, sse2, sse3, ssse3, sse4.1, sse4.2, popcnt, avx, aes, clmul, ht, tsc, tscinvbit

Memory: 4k page, physical 6224236k(574668k free), swap 8321388k(5812k free)

vm_info: Java HotSpot(TM) 64-Bit Server VM (25.60-b23) for windows-amd64 JRE (1.8.0_60-b27), built on Aug  4 2015 11:06:27 by "java_re" with MS VC++ 10.0 (VS2010)

time: Fri Dec 11 22:39:17 2015
elapsed time: 2 seconds (0d 0h 0m 2s)

