#
# There is insufficient memory for the Java Runtime Environment to continue.
# Native memory allocation (malloc) failed to allocate 1398576 bytes for Chunk::new
# Possible reasons:
#   The system is out of physical RAM or swap space
#   In 32 bit mode, the process size limit was hit
# Possible solutions:
#   Reduce memory load on the system
#   Increase physical memory or swap space
#   Check if swap backing store is full
#   Use 64 bit Java on a 64 bit OS
#   Decrease Java heap size (-Xmx/-Xms)
#   Decrease number of Java threads
#   Decrease Java thread stack sizes (-Xss)
#   Set larger code cache with -XX:ReservedCodeCacheSize=
# This output file may be truncated or incomplete.
#
#  Out of Memory Error (allocation.cpp:390), pid=4940, tid=7628
#
# JRE version: Java(TM) SE Runtime Environment (8.0_60-b27) (build 1.8.0_60-b27)
# Java VM: Java HotSpot(TM) 64-Bit Server VM (25.60-b23 mixed mode windows-amd64 compressed oops)
# Failed to write core dump. Minidumps are not enabled by default on client versions of Windows
#

---------------  T H R E A D  ---------------

Current thread (0x0000000014aae800):  JavaThread "C2 CompilerThread1" daemon [_thread_in_native, id=7628, stack(0x00000000161e0000,0x00000000162e0000)]

Stack: [0x00000000161e0000,0x00000000162e0000]
[error occurred during error reporting (printing stack bounds), id 0xc0000005]

Native frames: (J=compiled Java code, j=interpreted, Vv=VM code, C=native code)


Current CompileTask:
C2:  13003 2049       4       com.android.dx.ssa.SsaConverter::placePhiFunctions (394 bytes)


---------------  P R O C E S S  ---------------

Java Threads: ( => current thread )
  0x0000000016626800 JavaThread "pool-1-thread-4" [_thread_blocked, id=8540, stack(0x0000000016de0000,0x0000000016ee0000)]
  0x0000000016630800 JavaThread "pool-1-thread-3" [_thread_blocked, id=7532, stack(0x0000000016ce0000,0x0000000016de0000)]
  0x000000001654e000 JavaThread "pool-1-thread-2" [_thread_blocked, id=120, stack(0x0000000016be0000,0x0000000016ce0000)]
  0x0000000016538800 JavaThread "pool-2-thread-1" [_thread_blocked, id=1644, stack(0x0000000016ae0000,0x0000000016be0000)]
  0x0000000016530000 JavaThread "pool-1-thread-1" [_thread_blocked, id=8816, stack(0x00000000169e0000,0x0000000016ae0000)]
  0x0000000016412800 JavaThread "Service Thread" daemon [_thread_blocked, id=2776, stack(0x00000000167e0000,0x00000000168e0000)]
  0x0000000014ab3000 JavaThread "C1 CompilerThread2" daemon [_thread_blocked, id=5828, stack(0x00000000162e0000,0x00000000163e0000)]
=>0x0000000014aae800 JavaThread "C2 CompilerThread1" daemon [_thread_in_native, id=7628, stack(0x00000000161e0000,0x00000000162e0000)]
  0x0000000014ab9800 JavaThread "C2 CompilerThread0" daemon [_thread_in_native, id=6024, stack(0x00000000160e0000,0x00000000161e0000)]
  0x0000000014ab8000 JavaThread "Attach Listener" daemon [_thread_blocked, id=4400, stack(0x0000000015fe0000,0x00000000160e0000)]
  0x0000000014ab6800 JavaThread "Signal Dispatcher" daemon [_thread_blocked, id=9124, stack(0x0000000015ee0000,0x0000000015fe0000)]
  0x0000000002346800 JavaThread "Finalizer" daemon [_thread_blocked, id=8200, stack(0x0000000015d00000,0x0000000015e00000)]
  0x000000000233e800 JavaThread "Reference Handler" daemon [_thread_blocked, id=8112, stack(0x0000000015c00000,0x0000000015d00000)]
  0x00000000023de000 JavaThread "main" [_thread_in_native, id=7600, stack(0x0000000002140000,0x0000000002240000)]

Other Threads:
  0x0000000014a77000 VMThread [stack: 0x0000000015b00000,0x0000000015c00000] [id=4256]
  0x000000001642e800 WatcherThread [stack: 0x00000000168e0000,0x00000000169e0000] [id=9068]

VM state:not at safepoint (normal execution)

VM Mutex/Monitor currently owned by a thread: None

Heap:
 PSYoungGen      total 102400K, used 69491K [0x00000000eab00000, 0x00000000f1300000, 0x0000000100000000)
  eden space 98304K, 70% used [0x00000000eab00000,0x00000000eeedcc20,0x00000000f0b00000)
  from space 4096K, 0% used [0x00000000f0b00000,0x00000000f0b00000,0x00000000f0f00000)
  to   space 4096K, 0% used [0x00000000f0f00000,0x00000000f0f00000,0x00000000f1300000)
 ParOldGen       total 114688K, used 114344K [0x00000000c0000000, 0x00000000c7000000, 0x00000000eab00000)
  object space 114688K, 99% used [0x00000000c0000000,0x00000000c6faa228,0x00000000c7000000)
 Metaspace       used 6462K, capacity 7256K, committed 7424K, reserved 1056768K
  class space    used 617K, capacity 656K, committed 768K, reserved 1048576K

Card table byte_map: [0x00000000117a0000,0x00000000119b0000] byte_map_base: 0x00000000111a0000

Marking Bits: (ParMarkBitMap*) 0x0000000067aaa5b0
 Begin Bits: [0x0000000011f10000, 0x0000000012f10000)
 End Bits:   [0x0000000012f10000, 0x0000000013f10000)

Polling page: 0x0000000000910000

CodeCache: size=245760Kb used=9289Kb max_used=9303Kb free=236470Kb
 bounds [0x00000000023e0000, 0x0000000002d10000, 0x00000000113e0000]
 total_blobs=2405 nmethods=2135 adapters=182
 compilation: enabled

Compilation events (10 events):
Event: 12.741 Thread 0x0000000014ab3000 2220       1       com.android.dx.dex.code.DalvInsn::getRegisters (5 bytes)
Event: 12.741 Thread 0x0000000014ab3000 nmethod 2220 0x0000000002cb1d50 code [0x0000000002cb1ea0, 0x0000000002cb1fb0]
Event: 12.799 Thread 0x0000000014ab3000 2221       2       com.android.dx.rop.cst.CstLiteral32::compareTo0 (30 bytes)
Event: 12.800 Thread 0x0000000014ab3000 nmethod 2221 0x0000000002cdc410 code [0x0000000002cdc560, 0x0000000002cdc730]
Event: 12.808 Thread 0x0000000014aae800 nmethod 2218 0x0000000002cfe810 code [0x0000000002cfea20, 0x0000000002d00238]
Event: 12.809 Thread 0x0000000014aae800 2049       4       com.android.dx.ssa.SsaConverter::placePhiFunctions (394 bytes)
Event: 12.842 Thread 0x0000000014ab3000 2222 %     3       com.android.dx.util.Bits::isEmpty @ 5 (26 bytes)
Event: 12.842 Thread 0x0000000014ab3000 nmethod 2222% 0x0000000002ce83d0 code [0x0000000002ce8540, 0x0000000002ce87f0]
Event: 12.918 Thread 0x0000000014ab3000 2225       2       com.android.dx.ssa.SsaBasicBlock::getPrimarySuccessor (27 bytes)
Event: 12.918 Thread 0x0000000014ab3000 nmethod 2225 0x0000000002ce7cd0 code [0x0000000002ce7e60, 0x0000000002ce8118]

GC Heap History (10 events):
Event: 7.219 GC heap before
{Heap before GC invocations=10 (full 1):
 PSYoungGen      total 102400K, used 102391K [0x00000000eab00000, 0x00000000f1300000, 0x0000000100000000)
  eden space 98304K, 100% used [0x00000000eab00000,0x00000000f0b00000,0x00000000f0b00000)
  from space 4096K, 99% used [0x00000000f0f00000,0x00000000f12fde48,0x00000000f1300000)
  to   space 4096K, 0% used [0x00000000f0b00000,0x00000000f0b00000,0x00000000f0f00000)
 ParOldGen       total 114688K, used 78489K [0x00000000c0000000, 0x00000000c7000000, 0x00000000eab00000)
  object space 114688K, 68% used [0x00000000c0000000,0x00000000c4ca6448,0x00000000c7000000)
 Metaspace       used 6454K, capacity 7256K, committed 7424K, reserved 1056768K
  class space    used 617K, capacity 656K, committed 768K, reserved 1048576K
Event: 7.315 GC heap after
Heap after GC invocations=10 (full 1):
 PSYoungGen      total 102400K, used 4084K [0x00000000eab00000, 0x00000000f1300000, 0x0000000100000000)
  eden space 98304K, 0% used [0x00000000eab00000,0x00000000eab00000,0x00000000f0b00000)
  from space 4096K, 99% used [0x00000000f0b00000,0x00000000f0efd1f8,0x00000000f0f00000)
  to   space 4096K, 0% used [0x00000000f0f00000,0x00000000f0f00000,0x00000000f1300000)
 ParOldGen       total 114688K, used 93879K [0x00000000c0000000, 0x00000000c7000000, 0x00000000eab00000)
  object space 114688K, 81% used [0x00000000c0000000,0x00000000c5badc38,0x00000000c7000000)
 Metaspace       used 6454K, capacity 7256K, committed 7424K, reserved 1056768K
  class space    used 617K, capacity 656K, committed 768K, reserved 1048576K
}
Event: 7.315 GC heap before
{Heap before GC invocations=11 (full 2):
 PSYoungGen      total 102400K, used 4084K [0x00000000eab00000, 0x00000000f1300000, 0x0000000100000000)
  eden space 98304K, 0% used [0x00000000eab00000,0x00000000eab00000,0x00000000f0b00000)
  from space 4096K, 99% used [0x00000000f0b00000,0x00000000f0efd1f8,0x00000000f0f00000)
  to   space 4096K, 0% used [0x00000000f0f00000,0x00000000f0f00000,0x00000000f1300000)
 ParOldGen       total 114688K, used 93879K [0x00000000c0000000, 0x00000000c7000000, 0x00000000eab00000)
  object space 114688K, 81% used [0x00000000c0000000,0x00000000c5badc38,0x00000000c7000000)
 Metaspace       used 6454K, capacity 7256K, committed 7424K, reserved 1056768K
  class space    used 617K, capacity 656K, committed 768K, reserved 1048576K
Event: 8.453 GC heap after
Heap after GC invocations=11 (full 2):
 PSYoungGen      total 102400K, used 0K [0x00000000eab00000, 0x00000000f1300000, 0x0000000100000000)
  eden space 98304K, 0% used [0x00000000eab00000,0x00000000eab00000,0x00000000f0b00000)
  from space 4096K, 0% used [0x00000000f0b00000,0x00000000f0b00000,0x00000000f0f00000)
  to   space 4096K, 0% used [0x00000000f0f00000,0x00000000f0f00000,0x00000000f1300000)
 ParOldGen       total 114688K, used 93623K [0x00000000c0000000, 0x00000000c7000000, 0x00000000eab00000)
  object space 114688K, 81% used [0x00000000c0000000,0x00000000c5b6dc30,0x00000000c7000000)
 Metaspace       used 6454K, capacity 7256K, committed 7424K, reserved 1056768K
  class space    used 617K, capacity 656K, committed 768K, reserved 1048576K
}
Event: 9.020 GC heap before
{Heap before GC invocations=12 (full 3):
 PSYoungGen      total 102400K, used 98304K [0x00000000eab00000, 0x00000000f1300000, 0x0000000100000000)
  eden space 98304K, 100% used [0x00000000eab00000,0x00000000f0b00000,0x00000000f0b00000)
  from space 4096K, 0% used [0x00000000f0b00000,0x00000000f0b00000,0x00000000f0f00000)
  to   space 4096K, 0% used [0x00000000f0f00000,0x00000000f0f00000,0x00000000f1300000)
 ParOldGen       total 114688K, used 93623K [0x00000000c0000000, 0x00000000c7000000, 0x00000000eab00000)
  object space 114688K, 81% used [0x00000000c0000000,0x00000000c5b6dc30,0x00000000c7000000)
 Metaspace       used 6455K, capacity 7256K, committed 7424K, reserved 1056768K
  class space    used 617K, capacity 656K, committed 768K, reserved 1048576K
Event: 9.748 GC heap after
Heap after GC invocations=12 (full 3):
 PSYoungGen      total 102400K, used 0K [0x00000000eab00000, 0x00000000f1300000, 0x0000000100000000)
  eden space 98304K, 0% used [0x00000000eab00000,0x00000000eab00000,0x00000000f0b00000)
  from space 4096K, 0% used [0x00000000f0b00000,0x00000000f0b00000,0x00000000f0f00000)
  to   space 4096K, 0% used [0x00000000f0f00000,0x00000000f0f00000,0x00000000f1300000)
 ParOldGen       total 114688K, used 107377K [0x00000000c0000000, 0x00000000c7000000, 0x00000000eab00000)
  object space 114688K, 93% used [0x00000000c0000000,0x00000000c68dc688,0x00000000c7000000)
 Metaspace       used 6455K, capacity 7256K, committed 7424K, reserved 1056768K
  class space    used 617K, capacity 656K, committed 768K, reserved 1048576K
}
Event: 10.349 GC heap before
{Heap before GC invocations=13 (full 4):
 PSYoungGen      total 102400K, used 98304K [0x00000000eab00000, 0x00000000f1300000, 0x0000000100000000)
  eden space 98304K, 100% used [0x00000000eab00000,0x00000000f0b00000,0x00000000f0b00000)
  from space 4096K, 0% used [0x00000000f0b00000,0x00000000f0b00000,0x00000000f0f00000)
  to   space 4096K, 0% used [0x00000000f0f00000,0x00000000f0f00000,0x00000000f1300000)
 ParOldGen       total 114688K, used 107377K [0x00000000c0000000, 0x00000000c7000000, 0x00000000eab00000)
  object space 114688K, 93% used [0x00000000c0000000,0x00000000c68dc688,0x00000000c7000000)
 Metaspace       used 6458K, capacity 7256K, committed 7424K, reserved 1056768K
  class space    used 617K, capacity 656K, committed 768K, reserved 1048576K
Event: 11.323 GC heap after
Heap after GC invocations=13 (full 4):
 PSYoungGen      total 102400K, used 8218K [0x00000000eab00000, 0x00000000f1300000, 0x0000000100000000)
  eden space 98304K, 8% used [0x00000000eab00000,0x00000000eb3068f0,0x00000000f0b00000)
  from space 4096K, 0% used [0x00000000f0b00000,0x00000000f0b00000,0x00000000f0f00000)
  to   space 4096K, 0% used [0x00000000f0f00000,0x00000000f0f00000,0x00000000f1300000)
 ParOldGen       total 114688K, used 114625K [0x00000000c0000000, 0x00000000c7000000, 0x00000000eab00000)
  object space 114688K, 99% used [0x00000000c0000000,0x00000000c6ff0510,0x00000000c7000000)
 Metaspace       used 6458K, capacity 7256K, committed 7424K, reserved 1056768K
  class space    used 617K, capacity 656K, committed 768K, reserved 1048576K
}
Event: 11.863 GC heap before
{Heap before GC invocations=14 (full 5):
 PSYoungGen      total 102400K, used 98304K [0x00000000eab00000, 0x00000000f1300000, 0x0000000100000000)
  eden space 98304K, 100% used [0x00000000eab00000,0x00000000f0b00000,0x00000000f0b00000)
  from space 4096K, 0% used [0x00000000f0b00000,0x00000000f0b00000,0x00000000f0f00000)
  to   space 4096K, 0% used [0x00000000f0f00000,0x00000000f0f00000,0x00000000f1300000)
 ParOldGen       total 114688K, used 114625K [0x00000000c0000000, 0x00000000c7000000, 0x00000000eab00000)
  object space 114688K, 99% used [0x00000000c0000000,0x00000000c6ff0510,0x00000000c7000000)
 Metaspace       used 6461K, capacity 7256K, committed 7424K, reserved 1056768K
  class space    used 617K, capacity 656K, committed 768K, reserved 1048576K
Event: 12.722 GC heap after
Heap after GC invocations=14 (full 5):
 PSYoungGen      total 102400K, used 15290K [0x00000000eab00000, 0x00000000f1300000, 0x0000000100000000)
  eden space 98304K, 15% used [0x00000000eab00000,0x00000000eb9ee910,0x00000000f0b00000)
  from space 4096K, 0% used [0x00000000f0b00000,0x00000000f0b00000,0x00000000f0f00000)
  to   space 4096K, 0% used [0x00000000f0f00000,0x00000000f0f00000,0x00000000f1300000)
 ParOldGen       total 114688K, used 114344K [0x00000000c0000000, 0x00000000c7000000, 0x00000000eab00000)
  object space 114688K, 99% used [0x00000000c0000000,0x00000000c6faa228,0x00000000c7000000)
 Metaspace       used 6461K, capacity 7256K, committed 7424K, reserved 1056768K
  class space    used 617K, capacity 656K, committed 768K, reserved 1048576K
}

Deoptimization events (10 events):
Event: 3.417 Thread 0x000000001654e000 Uncommon trap: reason=bimorphic action=maybe_recompile pc=0x000000000264be20 method=java.util.HashMap.getNode(ILjava/lang/Object;)Ljava/util/HashMap$Node; @ 126
Event: 3.417 Thread 0x000000001654e000 Uncommon trap: reason=bimorphic action=maybe_recompile pc=0x00000000028198e4 method=java.util.HashMap.getNode(ILjava/lang/Object;)Ljava/util/HashMap$Node; @ 126
Event: 3.630 Thread 0x0000000016630800 Uncommon trap: reason=unstable_if action=reinterpret pc=0x0000000002749848 method=java.util.HashMap.putVal(ILjava/lang/Object;Ljava/lang/Object;ZZ)Ljava/lang/Object; @ 162
Event: 3.636 Thread 0x0000000016630800 Uncommon trap: reason=unstable_if action=reinterpret pc=0x0000000002b23f44 method=java.util.HashMap.getNode(ILjava/lang/Object;)Ljava/util/HashMap$Node; @ 84
Event: 4.175 Thread 0x0000000016630800 Uncommon trap: reason=unstable_if action=reinterpret pc=0x0000000002b85270 method=com.android.dx.cf.code.ByteCatchList.listFor(I)Lcom/android/dx/cf/code/ByteCatchList; @ 47
Event: 5.523 Thread 0x000000001654e000 Uncommon trap: reason=unstable_if action=reinterpret pc=0x0000000002acd550 method=java.util.HashMap.resize()[Ljava/util/HashMap$Node; @ 206
Event: 5.707 Thread 0x0000000016626800 Uncommon trap: reason=unstable_if action=reinterpret pc=0x00000000027918b8 method=java.util.HashMap.putVal(ILjava/lang/Object;Ljava/lang/Object;ZZ)Ljava/lang/Object; @ 109
Event: 5.745 Thread 0x0000000016630800 Uncommon trap: reason=unstable_if action=reinterpret pc=0x0000000002a4314c method=com.android.dx.ssa.SCCP.simulateBranch(Lcom/android/dx/ssa/SsaInsn;)V @ 548
Event: 8.516 Thread 0x000000001654e000 Uncommon trap: reason=unstable_if action=reinterpret pc=0x0000000002bb8028 method=com.android.dx.rop.code.LocalVariableExtractor.processBlock(I)V @ 208
Event: 9.929 Thread 0x0000000016530000 Uncommon trap: reason=unstable_if action=reinterpret pc=0x0000000002bda6b8 method=com.android.dx.rop.code.DexTranslationAdvice.hasConstantOperation(Lcom/android/dx/rop/code/Rop;Lcom/android/dx/rop/code/RegisterSpec;Lcom/android/dx/rop/code/RegisterSpec;)Z Ý[6nV@

Internal exceptions (6 events):
Event: 0.043 Thread 0x00000000023de000 Exception <a 'java/lang/NoSuchMethodError': Method sun.misc.Unsafe.defineClass(Ljava/lang/String;[BII)Ljava/lang/Class; name or signature does not match> (0x00000000eab13070) thrown at [C:\re\workspace\8-2-build-windows-amd64-cygwin\jdk8u60\4407\hotspot\srüt4¯ß¥?
Event: 0.043 Thread 0x00000000023de000 Exception <a 'java/lang/NoSuchMethodError': Method sun.misc.Unsafe.prefetchRead(Ljava/lang/Object;J)V name or signature does not match> (0x00000000eab13358) thrown at [C:\re\workspace\8-2-build-windows-amd64-cygwin\jdk8u60\4407\hotspot\src\share\vm\prims\jçÖô¿.ê?
Event: 0.818 Thread 0x0000000016626800 Implicit null exception at 0x000000000275a9aa to 0x000000000275c22d
Event: 3.633 Thread 0x0000000016630800 Exception <a 'java/lang/ArrayIndexOutOfBoundsException': 18> (0x00000000eb4ee530) thrown at [C:\re\workspace\8-2-build-windows-amd64-cygwin\jdk8u60\4407\hotspot\src\share\vm\interpreter\interpreterRuntime.cpp, line 366]
Event: 3.634 Thread 0x0000000016630800 Exception <a 'java/lang/ArrayIndexOutOfBoundsException'> (0x00000000eb4f00b0) thrown at [C:\re\workspace\8-2-build-windows-amd64-cygwin\jdk8u60\4407\hotspot\src\share\vm\runtime\sharedRuntime.cpp, line 605]
Event: 3.635 Thread 0x0000000016630800 Exception <a 'java/lang/ArrayIndexOutOfBoundsException'> (0x00000000eb4f1398) thrown at [C:\re\workspace\8-2-build-windows-amd64-cygwin\jdk8u60\4407\hotspot\src\share\vm\runtime\sharedRuntime.cpp, line 605]

Events (10 events):
Event: 12.887 Thread 0x0000000016626800 DEOPT PACKING pc=0x000000000270568c sp=0x0000000016ede750
Event: 12.887 Thread 0x0000000016626800 DEOPT UNPACKING pc=0x000000000242787f sp=0x0000000016ede468 mode 0
Event: 12.888 Thread 0x0000000016530000 DEOPT PACKING pc=0x000000000283ef0a sp=0x0000000016ade6e0
Event: 12.888 Thread 0x0000000016530000 DEOPT UNPACKING pc=0x000000000242787f sp=0x0000000016ade520 mode 0
Event: 12.925 Thread 0x000000001654e000 DEOPT PACKING pc=0x000000000283ef0a sp=0x0000000016cde8d0
Event: 12.925 Thread 0x000000001654e000 DEOPT UNPACKING pc=0x000000000242787f sp=0x0000000016cde710 mode 0
Event: 12.926 Thread 0x000000001654e000 DEOPT PACKING pc=0x0000000002c1bc9d sp=0x0000000016cde9c0
Event: 12.926 Thread 0x000000001654e000 DEOPT UNPACKING pc=0x000000000242787f sp=0x0000000016cde728 mode 0
Event: 12.935 Thread 0x000000001654e000 DEOPT PACKING pc=0x000000000281dde8 sp=0x0000000016cdebc0
Event: 12.935 Thread 0x000000001654e000 DEOPT UNPACKING pc=0x000000000242787f sp=0x0000000016cde9f0 mode 0


Dynamic libraries:
0x00007ff745eb0000 - 0x00007ff745ee7000 	C:\Program Files\Java\jdk1.8.0_60\bin\java.exe
0x00007ffa5d2c0000 - 0x00007ffa5d481000 	C:\WINDOWS\SYSTEM32\ntdll.dll
0x00007ffa5b760000 - 0x00007ffa5b80d000 	C:\WINDOWS\system32\KERNEL32.DLL
0x00007ffa5a4d0000 - 0x00007ffa5a6b8000 	C:\WINDOWS\system32\KERNELBASE.dll
0x00007ffa5a850000 - 0x00007ffa5a8f7000 	C:\WINDOWS\system32\ADVAPI32.dll
0x00007ffa5a980000 - 0x00007ffa5aa1d000 	C:\WINDOWS\system32\msvcrt.dll
0x00007ffa5b560000 - 0x00007ffa5b5bb000 	C:\WINDOWS\system32\sechost.dll
0x00007ffa5ace0000 - 0x00007ffa5adfc000 	C:\WINDOWS\system32\RPCRT4.dll
0x00007ffa5b400000 - 0x00007ffa5b556000 	C:\WINDOWS\system32\USER32.dll
0x00007ffa5a6c0000 - 0x00007ffa5a846000 	C:\WINDOWS\system32\GDI32.dll
0x00007ffa4af00000 - 0x00007ffa4b174000 	C:\WINDOWS\WinSxS\amd64_microsoft.windows.common-controls_6595b64144ccf1df_6.0.10586.0_none_8c15ae12515e1c22\COMCTL32.dll
0x00007ffa5b850000 - 0x00007ffa5bacd000 	C:\WINDOWS\system32\combase.dll
0x00007ffa59e10000 - 0x00007ffa59e7a000 	C:\WINDOWS\system32\bcryptPrimitives.dll
0x00007ffa5b810000 - 0x00007ffa5b84b000 	C:\WINDOWS\system32\IMM32.DLL
0x0000000066d90000 - 0x0000000066e62000 	C:\Program Files\Java\jdk1.8.0_60\jre\bin\msvcr100.dll
0x00000000672a0000 - 0x0000000067b29000 	C:\Program Files\Java\jdk1.8.0_60\jre\bin\server\jvm.dll
0x00007ffa5d1e0000 - 0x00007ffa5d1e8000 	C:\WINDOWS\system32\PSAPI.DLL
0x00007ffa54fd0000 - 0x00007ffa54fda000 	C:\WINDOWS\SYSTEM32\VERSION.dll
0x00007ffa57c50000 - 0x00007ffa57c73000 	C:\WINDOWS\SYSTEM32\WINMM.dll
0x00007ffa48870000 - 0x00007ffa48879000 	C:\WINDOWS\SYSTEM32\WSOCK32.dll
0x00007ffa5b6f0000 - 0x00007ffa5b75b000 	C:\WINDOWS\system32\WS2_32.dll
0x0000000002110000 - 0x000000000213c000 	C:\WINDOWS\SYSTEM32\WINMMBASE.dll
0x00007ffa59a20000 - 0x00007ffa59a63000 	C:\WINDOWS\system32\cfgmgr32.dll
0x0000000068a00000 - 0x0000000068a0f000 	C:\Program Files\Java\jdk1.8.0_60\jre\bin\verify.dll
0x00000000689d0000 - 0x00000000689f9000 	C:\Program Files\Java\jdk1.8.0_60\jre\bin\java.dll
0x00000000671a0000 - 0x00000000671b6000 	C:\Program Files\Java\jdk1.8.0_60\jre\bin\zip.dll
0x00007ffa5bc80000 - 0x00007ffa5d1df000 	C:\WINDOWS\system32\SHELL32.dll
0x00007ffa59e80000 - 0x00007ffa5a4c4000 	C:\WINDOWS\system32\windows.storage.dll
0x00007ffa5bad0000 - 0x00007ffa5bb22000 	C:\WINDOWS\system32\shlwapi.dll
0x00007ffa59930000 - 0x00007ffa5993f000 	C:\WINDOWS\system32\kernel.appcore.dll
0x00007ffa59c60000 - 0x00007ffa59d15000 	C:\WINDOWS\system32\shcore.dll
0x00007ffa598e0000 - 0x00007ffa5992b000 	C:\WINDOWS\system32\powrprof.dll
0x00007ffa59950000 - 0x00007ffa59964000 	C:\WINDOWS\system32\profapi.dll

VM Arguments:
jvm_args: -Xmx1024M -Dfile.encoding=windows-1250 -Duser.country=US -Duser.language=en -Duser.variant 
java_command: com.android.dx.command.Main --dex --num-threads=4 --output C:\Users\Andrej\Desktop\PedTrack2\app\build\intermediates\dex\debug C:\Users\Andrej\Desktop\PedTrack2\app\build\intermediates\classes\debug C:\Users\Andrej\AppData\Local\Android\sdk1\extras\android\m2repository\com\android\support\support-annotations\23.0.1\support-annotations-23.0.1.jar C:\Users\Andrej\Desktop\PedTrack2\app\libs\gson-2.5.jar C:\Users\Andrej\Desktop\PedTrack2\app\build\intermediates\exploded-aar\com.android.support\support-v4\23.0.1\jars\libs\internal_impl-23.0.1.jar C:\Users\Andrej\Desktop\PedTrack2\app\libs\httpcore-4.4.1.jar C:\Users\Andrej\Desktop\PedTrack2\app\build\intermediates\exploded-aar\com.android.support\appcompat-v7\23.0.1\jars\classes.jar C:\Users\Andrej\Desktop\PedTrack2\app\libs\httpclient-4.4.1.jar C:\Users\Andrej\Desktop\PedTrack2\app\build\intermediates\exploded-aar\com.android.support\support-v4\23.0.1\jars\classes.jar
java_class_path (initial): C:\Users\Andrej\AppData\Local\Android\sdk1\build-tools\23.0.1\lib\dx.jar
Launcher Type: SUN_STANDARD

Environment Variables:
JAVA_HOME=C:\Program Files\Java\jdk1.8.0_60
PATH=C:\Programme\Rockwell Software\RSCommon;C:\ProgramData\Oracle\Java\javapath;C:\Program Files (x86)\Embarcadero\Studio\17.0\bin;C:\Users\Public\Documents\Embarcadero\Studio\17.0\Bpl;C:\Program Files (x86)\Embarcadero\Studio\17.0\bin64;C:\Users\Public\Documents\Embarcadero\Studio\17.0\Bpl\Win64;C:\WINDOWS\system32;C:\WINDOWS;C:\WINDOWS\System32\Wbem;C:\WINDOWS\System32\WindowsPowerShell\v1.0\;C:\Program Files (x86)\ATI Technologies\ATI.ACE\Core-Static;C:\Program Files (x86)\Windows Kits\10\Windows Performance Toolkit\;C:\Programme\TortoiseHg\;C:\Programme\Skype\Phone\
USERNAME=Andrej
OS=Windows_NT
PROCESSOR_IDENTIFIER=Intel64 Family 6 Model 42 Stepping 7, GenuineIntel



---------------  S Y S T E M  ---------------

OS: Windows 10.0 , 64 bit Build 10586 (10.0.10586.0)

CPU:total 4 (2 cores per cpu, 2 threads per core) family 6 model 42 stepping 7, cmov, cx8, fxsr, mmx, sse, sse2, sse3, ssse3, sse4.1, sse4.2, popcnt, avx, aes, clmul, ht, tsc, tscinvbit

Memory: 4k page, physical 6224236k(398076k free), swap 8321388k(5888k free)

vm_info: Java HotSpot(TM) 64-Bit Server VM (25.60-b23) for windows-amd64 JRE (1.8.0_60-b27), built on Aug  4 2015 11:06:27 by "java_re" with MS VC++ 10.0 (VS2010)

time: Fri Dec 11 22:36:21 2015
elapsed time: 13 seconds (0d 0h 0m 13s)

